e:\interactive physical modelling\current billiards\billiards-projectv7\billiards project\billiards project\debug\vc140.pdb
e:\interactive physical modelling\current billiards\billiards-projectv7\billiards project\billiards project\debug\vc140.idb
e:\interactive physical modelling\current billiards\billiards-projectv7\billiards project\billiards project\debug\circle.obj
e:\interactive physical modelling\current billiards\billiards-projectv7\billiards project\billiards project\debug\collisiondetection.obj
e:\interactive physical modelling\current billiards\billiards-projectv7\billiards project\billiards project\debug\collisionreaction.obj
e:\interactive physical modelling\current billiards\billiards-projectv7\billiards project\billiards project\debug\drag.obj
e:\interactive physical modelling\current billiards\billiards-projectv7\billiards project\billiards project\debug\forceregistry.obj
e:\interactive physical modelling\current billiards\billiards-projectv7\billiards project\billiards project\debug\gamewindow.obj
e:\interactive physical modelling\current billiards\billiards-projectv7\billiards project\billiards project\debug\gravity.obj
e:\interactive physical modelling\current billiards\billiards-projectv7\billiards project\billiards project\debug\segment.obj
e:\interactive physical modelling\current billiards\billiards-projectv7\billiards project\billiards project\debug\main.obj
e:\interactive physical modelling\current billiards\billiards-projectv7\billiards project\billiards project\debug\runtime.obj
e:\interactive physical modelling\current billiards\billiards-projectv7\billiards project\billiards project\debug\timer.obj
e:\interactive physical modelling\current billiards\billiards-projectv7\billiards project\debug\billiards project.ilk
e:\interactive physical modelling\current billiards\billiards-projectv7\billiards project\debug\billiards project.exe
e:\interactive physical modelling\current billiards\billiards-projectv7\billiards project\debug\billiards project.pdb
e:\interactive physical modelling\current billiards\billiards-projectv7\billiards project\billiards project\debug\billiard.0c9d045a.tlog\cl.read.1.tlog
e:\interactive physical modelling\current billiards\billiards-projectv7\billiards project\billiards project\debug\billiard.0c9d045a.tlog\cl.write.1.tlog
e:\interactive physical modelling\current billiards\billiards-projectv7\billiards project\billiards project\debug\billiard.0c9d045a.tlog\cl.command.1.tlog
e:\interactive physical modelling\current billiards\billiards-projectv7\billiards project\billiards project\debug\billiard.0c9d045a.tlog\link.read.1.tlog
e:\interactive physical modelling\current billiards\billiards-projectv7\billiards project\billiards project\debug\billiard.0c9d045a.tlog\link.write.1.tlog
e:\interactive physical modelling\current billiards\billiards-projectv7\billiards project\billiards project\debug\billiard.0c9d045a.tlog\link.command.1.tlog
